build/app/intermediates/manifest_merge_blame_file/release/manifest-merger-blame-release-report.txt
1<?xml version="1.0" encoding="utf-8"?>
2<manifest xmlns:android="http://schemas.android.com/apk/res/android"
3    package="com.qdsurvey"
4    android:versionCode="16"
5    android:versionName="1.15.0" >
6
7    <uses-sdk
8        android:minSdkVersion="21"
8-->src/main/AndroidManifest.xml
9        android:targetSdkVersion="34" />
9-->src/main/AndroidManifest.xml
10
11    <uses-permission android:name="android.permission.INTERNET" />
11-->src/main/AndroidManifest.xml:2:5-66
11-->src/main/AndroidManifest.xml:2:22-64
12    <uses-permission android:name="android.permission.CAMERA" />
12-->src/main/AndroidManifest.xml:3:5-64
12-->src/main/AndroidManifest.xml:3:22-62
13
14    <uses-feature android:name="android.hardware.camera" />
14-->src/main/AndroidManifest.xml:4:5-60
14-->src/main/AndroidManifest.xml:4:19-57
15
16    <uses-permission android:name="android.permission.READ_EXTERNAL_STORAGE" />
16-->src/main/AndroidManifest.xml:5:5-79
16-->src/main/AndroidManifest.xml:5:22-77
17    <uses-permission android:name="android.permission.WRITE_EXTERNAL_STORAGE" />
17-->src/main/AndroidManifest.xml:6:5-80
17-->src/main/AndroidManifest.xml:6:22-78
18
19    <queries>
19-->src/main/AndroidManifest.xml:7:5-13:15
20        <intent>
20-->src/main/AndroidManifest.xml:8:9-12:18
21            <action android:name="android.intent.action.VIEW" />
21-->src/main/AndroidManifest.xml:9:13-65
21-->src/main/AndroidManifest.xml:9:21-62
22
23            <category android:name="android.intent.category.BROWSABLE" />
23-->src/main/AndroidManifest.xml:10:13-74
23-->src/main/AndroidManifest.xml:10:23-71
24
25            <data android:scheme="https" />
25-->src/main/AndroidManifest.xml:11:13-44
25-->src/main/AndroidManifest.xml:11:19-41
26        </intent>
27        <intent>
27-->[androidx.media2:media2-session:1.2.1] AndroidManifest.xml:25:9-27:18
28            <action android:name="android.media.browse.MediaBrowserService" />
28-->[androidx.media2:media2-session:1.2.1] AndroidManifest.xml:26:13-79
28-->[androidx.media2:media2-session:1.2.1] AndroidManifest.xml:26:21-76
29        </intent>
30        <intent>
30-->[androidx.media2:media2-session:1.2.1] AndroidManifest.xml:28:9-30:18
31            <action android:name="androidx.media2.session.MediaSessionService" />
31-->[androidx.media2:media2-session:1.2.1] AndroidManifest.xml:29:13-82
31-->[androidx.media2:media2-session:1.2.1] AndroidManifest.xml:29:21-79
32        </intent>
33        <intent>
33-->[androidx.media2:media2-session:1.2.1] AndroidManifest.xml:31:9-33:18
34            <action android:name="androidx.media2.session.MediaLibraryService" />
34-->[androidx.media2:media2-session:1.2.1] AndroidManifest.xml:32:13-82
34-->[androidx.media2:media2-session:1.2.1] AndroidManifest.xml:32:21-79
35        </intent>
36    </queries>
37
38    <uses-permission android:name="android.permission.ACCESS_NETWORK_STATE" />
38-->[:connectivity_plus] AndroidManifest.xml:9:5-79
38-->[:connectivity_plus] AndroidManifest.xml:9:22-76
39
40    <permission
40-->[androidx.core:core:1.10.1] AndroidManifest.xml:22:5-24:47
41        android:name="com.qdsurvey.DYNAMIC_RECEIVER_NOT_EXPORTED_PERMISSION"
41-->[androidx.core:core:1.10.1] AndroidManifest.xml:23:9-81
42        android:protectionLevel="signature" />
42-->[androidx.core:core:1.10.1] AndroidManifest.xml:24:9-44
43
44    <uses-permission android:name="com.qdsurvey.DYNAMIC_RECEIVER_NOT_EXPORTED_PERMISSION" />
44-->[androidx.core:core:1.10.1] AndroidManifest.xml:26:5-97
44-->[androidx.core:core:1.10.1] AndroidManifest.xml:26:22-94
45
46    <application
47        android:name="android.app.Application"
47-->src/main/AndroidManifest.xml:16:9-42
48        android:appComponentFactory="androidx.core.app.CoreComponentFactory"
48-->[androidx.core:core:1.10.1] AndroidManifest.xml:28:18-86
49        android:icon="@mipmap/ic_launcher"
49-->src/main/AndroidManifest.xml:17:9-43
50        android:label="qsurvey_flutter" >
50-->src/main/AndroidManifest.xml:15:9-40
51        <activity
51-->src/main/AndroidManifest.xml:18:9-38:20
52            android:name="com.qdsurvey.MainActivity"
52-->src/main/AndroidManifest.xml:19:13-41
53            android:configChanges="orientation|keyboardHidden|keyboard|screenSize|smallestScreenSize|locale|layoutDirection|fontScale|screenLayout|density|uiMode"
53-->src/main/AndroidManifest.xml:23:13-163
54            android:exported="true"
54-->src/main/AndroidManifest.xml:20:13-36
55            android:hardwareAccelerated="true"
55-->src/main/AndroidManifest.xml:24:13-47
56            android:launchMode="singleTop"
56-->src/main/AndroidManifest.xml:21:13-43
57            android:theme="@style/LaunchTheme"
57-->src/main/AndroidManifest.xml:22:13-47
58            android:windowSoftInputMode="adjustResize" >
58-->src/main/AndroidManifest.xml:25:13-55
59
60            <!--
61                 Specifies an Android theme to apply to this Activity as soon as
62                 the Android process has started. This theme is visible to the user
63                 while the Flutter UI initializes. After that, this theme continues
64                 to determine the Window background behind the Flutter UI.
65            -->
66            <meta-data
66-->src/main/AndroidManifest.xml:30:13-33:17
67                android:name="io.flutter.embedding.android.NormalTheme"
67-->src/main/AndroidManifest.xml:31:15-70
68                android:resource="@style/NormalTheme" />
68-->src/main/AndroidManifest.xml:32:15-52
69
70            <intent-filter>
70-->src/main/AndroidManifest.xml:34:13-37:29
71                <action android:name="android.intent.action.MAIN" />
71-->src/main/AndroidManifest.xml:35:17-68
71-->src/main/AndroidManifest.xml:35:25-66
72
73                <category android:name="android.intent.category.LAUNCHER" />
73-->src/main/AndroidManifest.xml:36:17-76
73-->src/main/AndroidManifest.xml:36:27-74
74            </intent-filter>
75        </activity>
76        <!--
77             Don't delete the meta-data below.
78             This is used by the Flutter tool to generate GeneratedPluginRegistrant.java
79        -->
80        <meta-data
80-->src/main/AndroidManifest.xml:41:9-43:33
81            android:name="flutterEmbedding"
81-->src/main/AndroidManifest.xml:42:13-44
82            android:value="2" />
82-->src/main/AndroidManifest.xml:43:13-30
83
84        <provider
84-->[:image_picker_android] AndroidManifest.xml:11:9-19:20
85            android:name="io.flutter.plugins.imagepicker.ImagePickerFileProvider"
85-->[:image_picker_android] AndroidManifest.xml:12:13-82
86            android:authorities="com.qdsurvey.flutter.image_provider"
86-->[:image_picker_android] AndroidManifest.xml:13:13-74
87            android:exported="false"
87-->[:image_picker_android] AndroidManifest.xml:14:13-37
88            android:grantUriPermissions="true" >
88-->[:image_picker_android] AndroidManifest.xml:15:13-47
89            <meta-data
89-->[:image_picker_android] AndroidManifest.xml:16:13-18:75
90                android:name="android.support.FILE_PROVIDER_PATHS"
90-->[:image_picker_android] AndroidManifest.xml:17:17-67
91                android:resource="@xml/flutter_image_picker_file_paths" />
91-->[:image_picker_android] AndroidManifest.xml:18:17-72
92        </provider> <!-- Trigger Google Play services to install the backported photo picker module. -->
93        <service
93-->[:image_picker_android] AndroidManifest.xml:21:9-33:19
94            android:name="com.google.android.gms.metadata.ModuleDependencies"
94-->[:image_picker_android] AndroidManifest.xml:22:13-78
95            android:enabled="false"
95-->[:image_picker_android] AndroidManifest.xml:23:13-36
96            android:exported="false" >
96-->[:image_picker_android] AndroidManifest.xml:24:13-37
97            <intent-filter>
97-->[:image_picker_android] AndroidManifest.xml:26:13-28:29
98                <action android:name="com.google.android.gms.metadata.MODULE_DEPENDENCIES" />
98-->[:image_picker_android] AndroidManifest.xml:27:17-94
98-->[:image_picker_android] AndroidManifest.xml:27:25-91
99            </intent-filter>
100
101            <meta-data
101-->[:image_picker_android] AndroidManifest.xml:30:13-32:36
102                android:name="photopicker_activity:0:required"
102-->[:image_picker_android] AndroidManifest.xml:31:17-63
103                android:value="" />
103-->[:image_picker_android] AndroidManifest.xml:32:17-33
104        </service>
105
106        <activity
106-->[:url_launcher_android] AndroidManifest.xml:10:9-13:74
107            android:name="io.flutter.plugins.urllauncher.WebViewActivity"
107-->[:url_launcher_android] AndroidManifest.xml:11:13-74
108            android:exported="false"
108-->[:url_launcher_android] AndroidManifest.xml:12:13-37
109            android:theme="@android:style/Theme.NoTitleBar.Fullscreen" />
109-->[:url_launcher_android] AndroidManifest.xml:13:13-71
110        <!--
111           Declares a provider which allows us to store files to share in
112           '.../caches/share_plus' and grant the receiving action access
113        -->
114        <provider
114-->[:share_plus] AndroidManifest.xml:15:9-23:20
115            android:name="dev.fluttercommunity.plus.share.ShareFileProvider"
115-->[:share_plus] AndroidManifest.xml:16:13-77
116            android:authorities="com.qdsurvey.flutter.share_provider"
116-->[:share_plus] AndroidManifest.xml:17:13-74
117            android:exported="false"
117-->[:share_plus] AndroidManifest.xml:18:13-37
118            android:grantUriPermissions="true" >
118-->[:share_plus] AndroidManifest.xml:19:13-47
119            <meta-data
119-->[:image_picker_android] AndroidManifest.xml:16:13-18:75
120                android:name="android.support.FILE_PROVIDER_PATHS"
120-->[:image_picker_android] AndroidManifest.xml:17:17-67
121                android:resource="@xml/flutter_share_file_paths" />
121-->[:image_picker_android] AndroidManifest.xml:18:17-72
122        </provider>
123        <!--
124           This manifest declared broadcast receiver allows us to use an explicit
125           Intent when creating a PendingItent to be informed of the user's choice
126        -->
127        <receiver
127-->[:share_plus] AndroidManifest.xml:28:9-34:20
128            android:name="dev.fluttercommunity.plus.share.SharePlusPendingIntent"
128-->[:share_plus] AndroidManifest.xml:29:13-82
129            android:exported="false" >
129-->[:share_plus] AndroidManifest.xml:30:13-37
130            <intent-filter>
130-->[:share_plus] AndroidManifest.xml:31:13-33:29
131                <action android:name="EXTRA_CHOSEN_COMPONENT" />
131-->[:share_plus] AndroidManifest.xml:32:17-65
131-->[:share_plus] AndroidManifest.xml:32:25-62
132            </intent-filter>
133        </receiver>
134
135        <uses-library
135-->[androidx.window:window:1.0.0-beta04] AndroidManifest.xml:25:9-27:40
136            android:name="androidx.window.extensions"
136-->[androidx.window:window:1.0.0-beta04] AndroidManifest.xml:26:13-54
137            android:required="false" />
137-->[androidx.window:window:1.0.0-beta04] AndroidManifest.xml:27:13-37
138        <uses-library
138-->[androidx.window:window:1.0.0-beta04] AndroidManifest.xml:28:9-30:40
139            android:name="androidx.window.sidecar"
139-->[androidx.window:window:1.0.0-beta04] AndroidManifest.xml:29:13-51
140            android:required="false" />
140-->[androidx.window:window:1.0.0-beta04] AndroidManifest.xml:30:13-37
141
142        <provider
142-->[androidx.profileinstaller:profileinstaller:1.3.0] AndroidManifest.xml:24:9-32:20
143            android:name="androidx.startup.InitializationProvider"
143-->[androidx.profileinstaller:profileinstaller:1.3.0] AndroidManifest.xml:25:13-67
144            android:authorities="com.qdsurvey.androidx-startup"
144-->[androidx.profileinstaller:profileinstaller:1.3.0] AndroidManifest.xml:26:13-68
145            android:exported="false" >
145-->[androidx.profileinstaller:profileinstaller:1.3.0] AndroidManifest.xml:27:13-37
146            <meta-data
146-->[androidx.profileinstaller:profileinstaller:1.3.0] AndroidManifest.xml:29:13-31:52
147                android:name="androidx.profileinstaller.ProfileInstallerInitializer"
147-->[androidx.profileinstaller:profileinstaller:1.3.0] AndroidManifest.xml:30:17-85
148                android:value="androidx.startup" />
148-->[androidx.profileinstaller:profileinstaller:1.3.0] AndroidManifest.xml:31:17-49
149        </provider>
150
151        <receiver
151-->[androidx.profileinstaller:profileinstaller:1.3.0] AndroidManifest.xml:34:9-52:20
152            android:name="androidx.profileinstaller.ProfileInstallReceiver"
152-->[androidx.profileinstaller:profileinstaller:1.3.0] AndroidManifest.xml:35:13-76
153            android:directBootAware="false"
153-->[androidx.profileinstaller:profileinstaller:1.3.0] AndroidManifest.xml:36:13-44
154            android:enabled="true"
154-->[androidx.profileinstaller:profileinstaller:1.3.0] AndroidManifest.xml:37:13-35
155            android:exported="true"
155-->[androidx.profileinstaller:profileinstaller:1.3.0] AndroidManifest.xml:38:13-36
156            android:permission="android.permission.DUMP" >
156-->[androidx.profileinstaller:profileinstaller:1.3.0] AndroidManifest.xml:39:13-57
157            <intent-filter>
157-->[androidx.profileinstaller:profileinstaller:1.3.0] AndroidManifest.xml:40:13-42:29
158                <action android:name="androidx.profileinstaller.action.INSTALL_PROFILE" />
158-->[androidx.profileinstaller:profileinstaller:1.3.0] AndroidManifest.xml:41:17-91
158-->[androidx.profileinstaller:profileinstaller:1.3.0] AndroidManifest.xml:41:25-88
159            </intent-filter>
160            <intent-filter>
160-->[androidx.profileinstaller:profileinstaller:1.3.0] AndroidManifest.xml:43:13-45:29
161                <action android:name="androidx.profileinstaller.action.SKIP_FILE" />
161-->[androidx.profileinstaller:profileinstaller:1.3.0] AndroidManifest.xml:44:17-85
161-->[androidx.profileinstaller:profileinstaller:1.3.0] AndroidManifest.xml:44:25-82
162            </intent-filter>
163            <intent-filter>
163-->[androidx.profileinstaller:profileinstaller:1.3.0] AndroidManifest.xml:46:13-48:29
164                <action android:name="androidx.profileinstaller.action.SAVE_PROFILE" />
164-->[androidx.profileinstaller:profileinstaller:1.3.0] AndroidManifest.xml:47:17-88
164-->[androidx.profileinstaller:profileinstaller:1.3.0] AndroidManifest.xml:47:25-85
165            </intent-filter>
166            <intent-filter>
166-->[androidx.profileinstaller:profileinstaller:1.3.0] AndroidManifest.xml:49:13-51:29
167                <action android:name="androidx.profileinstaller.action.BENCHMARK_OPERATION" />
167-->[androidx.profileinstaller:profileinstaller:1.3.0] AndroidManifest.xml:50:17-95
167-->[androidx.profileinstaller:profileinstaller:1.3.0] AndroidManifest.xml:50:25-92
168            </intent-filter>
169        </receiver>
170    </application>
171
172</manifest>